<?xml version="1.0" encoding="UTF-8"?>
<testng-results ignored="0" total="1" passed="1" failed="0" skipped="0">
  <reporter-output>
  </reporter-output>
  <suite started-at="2024-03-21T14:26:31 PST" name="First" finished-at="2024-03-21T14:27:07 PST" duration-ms="36250">
    <groups>
    </groups>
    <test started-at="2024-03-21T14:26:31 PST" name="FirstTest-0" finished-at="2024-03-21T14:27:07 PST" duration-ms="36250">
      <class name="com.browserstack.FirstTest">
        <test-method is-config="true" signature="setUp()[pri:0, instance:com.browserstack.FirstTest@dffa30b]" started-at="2024-03-21T14:26:31 PST" name="setUp" finished-at="2024-03-21T14:26:54 PST" duration-ms="22980" status="PASS">
          <reporter-output>
          </reporter-output>
        </test-method> <!-- setUp -->
        <test-method signature="test()[pri:0, instance:com.browserstack.FirstTest@dffa30b]" started-at="2024-03-21T14:26:54 PST" name="test" finished-at="2024-03-21T14:27:03 PST" duration-ms="9041" status="PASS">
          <reporter-output>
          </reporter-output>
        </test-method> <!-- test -->
        <test-method is-config="true" signature="tearDown()[pri:0, instance:com.browserstack.FirstTest@dffa30b]" started-at="2024-03-21T14:27:03 PST" name="tearDown" finished-at="2024-03-21T14:27:07 PST" duration-ms="3872" status="PASS">
          <reporter-output>
          </reporter-output>
        </test-method> <!-- tearDown -->
      </class> <!-- com.browserstack.FirstTest -->
    </test> <!-- FirstTest-0 -->
  </suite> <!-- First -->
</testng-results>
